Sun Dec 04 2016 23:22:35 GMT+0000 (UTC)
Sun Dec 11 2016 23:22:35 GMT+0000 (UTC)
Sun Dec 18 2016 23:22:35 GMT+0000 (UTC)
Sun Dec 25 2016 23:22:35 GMT+0000 (UTC)
Sun Jan 01 2017 23:22:35 GMT+0000 (UTC)
Sun Jan 15 2017 23:22:35 GMT+0000 (UTC)
Sun Jan 22 2017 23:22:35 GMT+0000 (UTC)
Sun Jan 29 2017 23:22:35 GMT+0000 (UTC)
Sun Feb 05 2017 23:22:35 GMT+0000 (UTC)
Sun Mar 05 2017 23:22:35 GMT+0000 (UTC)
Sun Mar 12 2017 23:22:35 GMT+0000 (UTC)
Sun Mar 19 2017 23:22:35 GMT+0000 (UTC)
Sun Mar 26 2017 23:22:35 GMT+0000 (UTC)
Sun Apr 23 2017 23:22:35 GMT+0000 (UTC)
Sun Apr 30 2017 23:22:35 GMT+0000 (UTC)
Sun Jul 09 2017 23:22:35 GMT+0000 (UTC)
Sun Jul 16 2017 23:22:35 GMT+0000 (UTC)
Sun Jul 23 2017 23:22:35 GMT+0000 (UTC)
Sun Aug 13 2017 23:22:35 GMT+0000 (UTC)
Sun Aug 20 2017 23:22:35 GMT+0000 (UTC)
Sun Aug 27 2017 23:22:35 GMT+0000 (UTC)
Sun Sep 03 2017 23:22:35 GMT+0000 (UTC)
Sun Sep 10 2017 23:22:35 GMT+0000 (UTC)
Sun Sep 24 2017 23:22:35 GMT+0000 (UTC)
Sun Nov 12 2017 23:22:35 GMT+0000 (UTC)
Sun Nov 19 2017 23:22:35 GMT+0000 (UTC)
Mon Dec 26 2016 23:22:35 GMT+0000 (UTC)
Mon Jan 16 2017 23:22:35 GMT+0000 (UTC)
Mon Feb 13 2017 23:22:35 GMT+0000 (UTC)
Mon Feb 27 2017 23:22:35 GMT+0000 (UTC)
Mon Apr 17 2017 23:22:35 GMT+0000 (UTC)
Mon May 29 2017 23:22:35 GMT+0000 (UTC)
Mon Jun 05 2017 23:22:35 GMT+0000 (UTC)
Mon Jun 12 2017 23:22:35 GMT+0000 (UTC)
Mon Jun 19 2017 23:22:35 GMT+0000 (UTC)
Mon Jul 17 2017 23:22:35 GMT+0000 (UTC)
Mon Aug 28 2017 23:22:35 GMT+0000 (UTC)
Mon Sep 25 2017 23:22:35 GMT+0000 (UTC)
Mon Nov 27 2017 23:22:35 GMT+0000 (UTC)
Tue Dec 20 2016 23:22:35 GMT+0000 (UTC)
Tue Jan 17 2017 23:22:35 GMT+0000 (UTC)
Tue Feb 14 2017 23:22:35 GMT+0000 (UTC)
Tue Feb 28 2017 23:22:35 GMT+0000 (UTC)
Tue Apr 18 2017 23:22:35 GMT+0000 (UTC)
